<?xml version="1.0" encoding="UTF-8"?>
<!-- Generated by org.testng.reporters.JUnitXMLReporter -->
<testsuite hostname="Igors-MacBook-Pro-2.local" name="Test" tests="1" failures="1" timestamp="27 Sep 2019 18:37:48 GMT" time="34.595" errors="0">
  <testcase name="feature" time="34.283" classname="runner.Runner">
    <failure type="cucumber.runtime.CucumberException" message="java.lang.AssertionError: Canada job board has more then one page expected [true] but found [false]">
      <![CDATA[cucumber.runtime.CucumberException: java.lang.AssertionError: Canada job board has more then one page expected [true] but found [false]
	at cucumber.api.testng.TestNGCucumberRunner.runCucumber(TestNGCucumberRunner.java:69)
	at cucumber.api.testng.AbstractTestNGCucumberTests.feature(AbstractTestNGCucumberTests.java:21)
Caused by: java.lang.AssertionError: Canada job board has more then one page expected [true] but found [false]
	at pages.action.AvanadeCareerPageAction.canadaJobPageCountVerification(AvanadeCareerPageAction.java:40)
	at stepdefs.VerifyResult.i_check_only_page_of_results_for_Location(VerifyResult.java:14)
	at ✽.And I check only 1 page of results for Location "Canada"(SearchForCareer.feature:18)
... Removed 30 stack frames]]>
    </failure>
  </testcase> <!-- feature -->
</testsuite> <!-- Test -->
