<?xml version="1.0" encoding="UTF-8"?>
<testsuite name="TestSuite" time="34.286" tests="1" errors="0" skipped="0" failures="1">
  <properties>
[...]
</properties>
  <testcase name="feature" classname="runner.Runner" time="34.286">
    <failure message="java.lang.AssertionError: Canada job board has more then one page expected [true] but found [false]" type="cucumber.runtime.CucumberException">cucumber.runtime.CucumberException: java.lang.AssertionError: Canada job board has more then one page expected [true] but found [false]
	at cucumber.api.testng.TestNGCucumberRunner.runCucumber(TestNGCucumberRunner.java:69)
	at cucumber.api.testng.AbstractTestNGCucumberTests.feature(AbstractTestNGCucumberTests.java:21)
	at sun.reflect.NativeMethodAccessorImpl.invoke0(Native Method)
	at sun.reflect.NativeMethodAccessorImpl.invoke(NativeMethodAccessorImpl.java:62)
	at sun.reflect.DelegatingMethodAccessorImpl.invoke(DelegatingMethodAccessorImpl.java:43)
	at java.lang.reflect.Method.invoke(Method.java:498)
	at org.testng.internal.MethodInvocationHelper.invokeMethod(MethodInvocationHelper.java:86)
	at org.testng.internal.Invoker.invokeMethod(Invoker.java:643)
	at org.testng.internal.Invoker.invokeTestMethod(Invoker.java:820)
	at org.testng.internal.Invoker.invokeTestMethods(Invoker.java:1128)
	at org.testng.internal.TestMethodWorker.invokeTestMethods(TestMethodWorker.java:129)
	at org.testng.internal.TestMethodWorker.run(TestMethodWorker.java:112)
	at org.testng.TestRunner.privateRun(TestRunner.java:782)
	at org.testng.TestRunner.run(TestRunner.java:632)
	at org.testng.SuiteRunner.runTest(SuiteRunner.java:366)
	at org.testng.SuiteRunner.runSequentially(SuiteRunner.java:361)
	at org.testng.SuiteRunner.privateRun(SuiteRunner.java:319)
	at org.testng.SuiteRunner.run(SuiteRunner.java:268)
	at org.testng.SuiteRunnerWorker.runSuite(SuiteRunnerWorker.java:52)
	at org.testng.SuiteRunnerWorker.run(SuiteRunnerWorker.java:86)
	at org.testng.TestNG.runSuitesSequentially(TestNG.java:1244)
	at org.testng.TestNG.runSuitesLocally(TestNG.java:1169)
	at org.testng.TestNG.run(TestNG.java:1064)
	at org.apache.maven.surefire.testng.TestNGExecutor.run(TestNGExecutor.java:295)
	at org.apache.maven.surefire.testng.TestNGXmlTestSuite.execute(TestNGXmlTestSuite.java:84)
	at org.apache.maven.surefire.testng.TestNGProvider.invoke(TestNGProvider.java:90)
	at org.apache.maven.surefire.booter.ForkedBooter.invokeProviderInSameClassLoader(ForkedBooter.java:203)
	at org.apache.maven.surefire.booter.ForkedBooter.runSuitesInProcess(ForkedBooter.java:155)
	at org.apache.maven.surefire.booter.ForkedBooter.main(ForkedBooter.java:103)
Caused by: java.lang.AssertionError: Canada job board has more then one page expected [true] but found [false]
	at org.testng.Assert.fail(Assert.java:94)
	at org.testng.Assert.failNotEquals(Assert.java:513)
	at org.testng.Assert.assertTrue(Assert.java:42)
	at pages.action.AvanadeCareerPageAction.canadaJobPageCountVerification(AvanadeCareerPageAction.java:40)
	at stepdefs.VerifyResult.i_check_only_page_of_results_for_Location(VerifyResult.java:14)
	at ✽.And I check only 1 page of results for Location "Canada"(SearchForCareer.feature:18)
</failure>
    <system-out><![CDATA[Feature: Acceptance testing to validate career page
  
  Opens our website (https://www.avanade.com/) in a web Browser
  Navigate to the “CAREERS” and open “ROLES AND LOCATIONS” to check actual job offers
  Validates that:
  1. There is only 1 page of results for Location: “Canada”
  2. There is at least 1 result for Location “Denmark”

  Background:                                                           &amp#27;[90m# SearchForCareer.feature:10&amp#27;[0m
    &amp#27;[32mGiven &amp#27;[0m&amp#27;[32mI am open "&amp#27;[0m&amp#27;[32m&amp#27;[1mhttps://www.avanade.com/&amp#27;[0m&amp#27;[32m" website in a web Browser&amp#27;[0m &amp#27;[90m# CareersPageVerification.i_am_open_website_in_a_web_Browser(String)&amp#27;[0m
    &amp#27;[32mWhen &amp#27;[0m&amp#27;[32mI accept cookies if exist&amp#27;[0m                                      &amp#27;[90m# CareersPageVerification.iAcceptCookiesIfExist()&amp#27;[0m
4
true

  Scenario: Validate there is only 1 page of results for Location: “Canada” &amp#27;[90m# SearchForCareer.feature:14&amp#27;[0m
    &amp#27;[32mGiven &amp#27;[0m&amp#27;[32mI Navigate to the menu "&amp#27;[0m&amp#27;[32m&amp#27;[1mCAREERS&amp#27;[0m&amp#27;[32m"&amp#27;[0m                                  &amp#27;[90m# CareersPageVerification.i_Navigate_to_the_menu(String)&amp#27;[0m
    &amp#27;[32mWhen &amp#27;[0m&amp#27;[32mI click on “ROLES AND LOCATIONS” to check actual job offers&amp#27;[0m        &amp#27;[90m# CareersPageVerification.i_click_on_ROLES_AND_LOCATIONS_to_check_actual_job_offers()&amp#27;[0m
    &amp#27;[32mThen &amp#27;[0m&amp#27;[32mI select country "&amp#27;[0m&amp#27;[32m&amp#27;[1mCanada&amp#27;[0m&amp#27;[32m"&amp#27;[0m                                          &amp#27;[90m# CareersPageVerification.i_select_country(String)&amp#27;[0m
    &amp#27;[31mAnd &amp#27;[0m&amp#27;[31mI check only &amp#27;[0m&amp#27;[31m&amp#27;[1m1&amp#27;[0m&amp#27;[31m page of results for Location "&amp#27;[0m&amp#27;[31m&amp#27;[1mCanada&amp#27;[0m&amp#27;[31m"&amp#27;[0m                &amp#27;[90m# VerifyResult.i_check_only_page_of_results_for_Location(int,String)&amp#27;[0m
      &amp#27;[31mjava.lang.AssertionError: Canada job board has more then one page expected [true] but found [false]
      	at org.testng.Assert.fail(Assert.java:94)
      	at org.testng.Assert.failNotEquals(Assert.java:513)
      	at org.testng.Assert.assertTrue(Assert.java:42)
      	at pages.action.AvanadeCareerPageAction.canadaJobPageCountVerification(AvanadeCareerPageAction.java:40)
      	at stepdefs.VerifyResult.i_check_only_page_of_results_for_Location(VerifyResult.java:14)
      	at ✽.And I check only 1 page of results for Location "Canada"(SearchForCareer.feature:18)
      &amp#27;[0m

  Background:                                                           &amp#27;[90m# SearchForCareer.feature:10&amp#27;[0m
    &amp#27;[32mGiven &amp#27;[0m&amp#27;[32mI am open "&amp#27;[0m&amp#27;[32m&amp#27;[1mhttps://www.avanade.com/&amp#27;[0m&amp#27;[32m" website in a web Browser&amp#27;[0m &amp#27;[90m# CareersPageVerification.i_am_open_website_in_a_web_Browser(String)&amp#27;[0m
    &amp#27;[32mWhen &amp#27;[0m&amp#27;[32mI accept cookies if exist&amp#27;[0m                                      &amp#27;[90m# CareersPageVerification.iAcceptCookiesIfExist()&amp#27;[0m
8
false

  Scenario: Validate there is at least 1 result for Location “Denmark” &amp#27;[90m# SearchForCareer.feature:20&amp#27;[0m
    &amp#27;[32mGiven &amp#27;[0m&amp#27;[32mI Navigate to the menu "&amp#27;[0m&amp#27;[32m&amp#27;[1mCAREERS&amp#27;[0m&amp#27;[32m"&amp#27;[0m                             &amp#27;[90m# CareersPageVerification.i_Navigate_to_the_menu(String)&amp#27;[0m
    &amp#27;[32mWhen &amp#27;[0m&amp#27;[32mI click on “ROLES AND LOCATIONS” to check actual job offers&amp#27;[0m   &amp#27;[90m# CareersPageVerification.i_click_on_ROLES_AND_LOCATIONS_to_check_actual_job_offers()&amp#27;[0m
    &amp#27;[32mThen &amp#27;[0m&amp#27;[32mI select country "&amp#27;[0m&amp#27;[32m&amp#27;[1mDenmark&amp#27;[0m&amp#27;[32m"&amp#27;[0m                                    &amp#27;[90m# CareersPageVerification.i_select_country(String)&amp#27;[0m
    &amp#27;[32mAnd &amp#27;[0m&amp#27;[32mI check is at least &amp#27;[0m&amp#27;[32m&amp#27;[1m1&amp#27;[0m&amp#27;[32m result for Location “Denmark”&amp#27;[0m            &amp#27;[90m# VerifyResult.i_check_is_at_least_result_for_Location_Denmark(int)&amp#27;[0m
]]></system-out>
    <system-err><![CDATA[Sep 27, 2019 2:37:14 PM com.relevantcodes.extentreports.ExtentReports loadConfig
WARNING: Unable to perform report configuration. The file /src/test/resources/extent-config.xml was not found.
Starting ChromeDriver 76.0.3809.126 (d80a294506b4c9d18015e755cee48f953ddc3f2f-refs/branch-heads/3809@{#1024}) on port 32518
Only local connections are allowed.
Please protect ports used by ChromeDriver and related test frameworks to prevent access by malicious code.
[1569609435.576][WARNING]: This version of ChromeDriver has not been tested with Chrome version 77.
Sep 27, 2019 2:37:15 PM org.openqa.selenium.remote.ProtocolHandshake createSession
INFO: Detected dialect: W3C
Starting ChromeDriver 76.0.3809.126 (d80a294506b4c9d18015e755cee48f953ddc3f2f-refs/branch-heads/3809@{#1024}) on port 47150
Only local connections are allowed.
Please protect ports used by ChromeDriver and related test frameworks to prevent access by malicious code.
[1569609452.091][WARNING]: This version of ChromeDriver has not been tested with Chrome version 77.
Sep 27, 2019 2:37:32 PM org.openqa.selenium.remote.ProtocolHandshake createSession
INFO: Detected dialect: W3C
]]></system-err>
  </testcase>
</testsuite>